<?xml version="1.0" encoding="UTF-8"?>
<!-- Generated by org.testng.reporters.JUnitReportReporter -->
<testsuite hostname="DESKTOP-TPK430V" failures="0" tests="4" name="testnewxe.testautoxe" time="64.428" errors="0" timestamp="2023-11-06T12:22:47 IST" skipped="0">
  <testcase classname="testnewxe.testautoxe" name="sampledemo1" time="8.398"/>
  <testcase classname="testnewxe.testautoxe" name="sampledemo3" time="8.925"/>
  <testcase classname="testnewxe.testautoxe" name="sampledemo2" time="8.368"/>
  <testcase classname="testnewxe.testautoxe" name="sampledemo" time="38.737"/>
</testsuite> <!-- testnewxe.testautoxe -->
