<?xml version="1.0" encoding="UTF-8"?>
<!-- Generated by org.testng.reporters.JUnitReportReporter -->
<testsuite hostname="DESKTOP-TPK430V" failures="0" tests="1" name="testnewxe.testautoxe4" time="11.576" errors="0" timestamp="2023-11-06T12:22:47 IST" skipped="0">
  <testcase classname="testnewxe.testautoxe4" name="sampledemo" time="11.576"/>
</testsuite> <!-- testnewxe.testautoxe4 -->
