<?xml version="1.0" encoding="UTF-8"?>
<!-- Generated by org.testng.reporters.JUnitReportReporter -->
<testsuite hostname="DESKTOP-TPK430V" failures="0" tests="1" name="testnewxe.testautoxe2" time="14.342" errors="0" timestamp="2023-11-22T12:16:02 IST" skipped="0">
  <testcase classname="testnewxe.testautoxe2" name="sampledemo" time="14.342"/>
</testsuite> <!-- testnewxe.testautoxe2 -->
