<?xml version="1.0" encoding="UTF-8"?>
<!-- Generated by org.testng.reporters.JUnitReportReporter -->
<testsuite hostname="DESKTOP-TPK430V" failures="0" tests="1" name="testnewxe.testautoxe3" time="11.910" errors="0" timestamp="2023-11-06T12:22:47 IST" skipped="0">
  <testcase classname="testnewxe.testautoxe3" name="sampledemo" time="11.910"/>
</testsuite> <!-- testnewxe.testautoxe3 -->
